<?xml version="1.0" encoding="UTF-8"?>
<testng-results skipped="0" failed="0" total="1" passed="1">
  <reporter-output>
  </reporter-output>
  <suite name="BDD Test Suite" duration-ms="28404" started-at="2020-06-07T05:51:49Z" finished-at="2020-06-07T05:52:18Z">
    <groups>
      <group name="cucumber">
        <method signature="TestRunner.feature(cucumber.api.testng.CucumberFeatureWrapper)[pri:0, instance:com.talentech.runner.TestRunner@90f6bfd]" name="feature" class="com.talentech.runner.TestRunner"/>
      </group> <!-- cucumber -->
    </groups>
    <test name="Login and Update Profile Test" duration-ms="28404" started-at="2020-06-07T05:51:49Z" finished-at="2020-06-07T05:52:18Z">
      <class name="com.talentech.runner.TestRunner">
        <test-method status="PASS" signature="setUpClass()[pri:0, instance:com.talentech.runner.TestRunner@90f6bfd]" name="setUpClass" is-config="true" duration-ms="208" started-at="2020-06-07T01:51:49Z" finished-at="2020-06-07T01:51:50Z">
          <reporter-output>
          </reporter-output>
        </test-method> <!-- setUpClass -->
        <test-method status="PASS" signature="feature(cucumber.api.testng.CucumberFeatureWrapper)[pri:0, instance:com.talentech.runner.TestRunner@90f6bfd]" name="feature" duration-ms="28076" started-at="2020-06-07T01:51:50Z" description="Runs Cucumber Feature" data-provider="features" finished-at="2020-06-07T01:52:18Z">
          <params>
            <param index="0">
              <value>
                <![CDATA[Login Feature]]>
              </value>
            </param>
          </params>
          <reporter-output>
          </reporter-output>
        </test-method> <!-- feature -->
        <test-method status="PASS" signature="tearDownClass()[pri:0, instance:com.talentech.runner.TestRunner@90f6bfd]" name="tearDownClass" is-config="true" duration-ms="40" started-at="2020-06-07T01:52:18Z" finished-at="2020-06-07T01:52:18Z">
          <reporter-output>
          </reporter-output>
        </test-method> <!-- tearDownClass -->
      </class> <!-- com.talentech.runner.TestRunner -->
    </test> <!-- Login and Update Profile Test -->
  </suite> <!-- BDD Test Suite -->
</testng-results>
